[      80ms] [INFO] %cDownload the React DevTools for a better development experience: https://react.dev/link/react-devtools font-weight:bold @ http://localhost:3000/_next/static/chunks/0yn-_next_dist_03lxogq._.js:2431
[      89ms] [LOG] [HMR] connected @ http://localhost:3000/_next/static/chunks/0yn-_next_dist_03lxogq._.js:2431
[  588645ms] [LOG] [Fast Refresh] rebuilding @ http://localhost:3000/_next/static/chunks/0yn-_next_dist_03lxogq._.js:2431
[  588833ms] [LOG] [Fast Refresh] done in 153ms @ http://localhost:3000/_next/static/chunks/0yn-_next_dist_03lxogq._.js:2431
[  588957ms] [LOG] [Fast Refresh] rebuilding @ http://localhost:3000/_next/static/chunks/0yn-_next_dist_03lxogq._.js:2431
[  588968ms] [LOG] [Fast Refresh] done in 112ms @ http://localhost:3000/_next/static/chunks/0yn-_next_dist_03lxogq._.js:2431
[  603947ms] [LOG] [Fast Refresh] rebuilding @ http://localhost:3000/_next/static/chunks/0yn-_next_dist_03lxogq._.js:2431
[  604108ms] [LOG] [Fast Refresh] done in 18ms @ http://localhost:3000/_next/static/chunks/0yn-_next_dist_03lxogq._.js:2431
[  610570ms] [LOG] [Fast Refresh] rebuilding @ http://localhost:3000/_next/static/chunks/0yn-_next_dist_03lxogq._.js:2431
[  610718ms] [LOG] [Fast Refresh] done in 13ms @ http://localhost:3000/_next/static/chunks/0yn-_next_dist_03lxogq._.js:2431
[  630011ms] [LOG] [Fast Refresh] rebuilding @ http://localhost:3000/_next/static/chunks/0yn-_next_dist_03lxogq._.js:2431
[  631070ms] [ERROR] ./Projects/bhatti-eye-clinic/src/app/contact/page.tsx:1:1
Export Facebook doesn't exist in target module
> 1 | import { Phone, MessageCircle, MapPin, Clock, Video, Facebook } from "lucide-react";
    | ^^^^^^^^^^^^^^^^^^^^^^^^^^^^^^^^^^^^^^^^^^^^^^^^^^^^^^^^^^^^^^^^^^^^^^^^^^^^^^^^^^^^
  2 |
  3 | const N = "#0f2447", G = "#c9a84c";
  4 | const NAVY_WARM = "linear-gradient(160deg, #0f2447 0%, #142f5a 50%, #0f2447 100%)";

The export Facebook was not found in module [project]/Projects/bhatti-eye-clinic/node_modules/lucide-react/dist/esm/lucide-react.mjs [app-rsc] (ecmascript).
Did you mean to import Webhook?
All exports of the module are statically known (It doesn't have dynamic exports). So it's known statically that the requested export doesn't exist. @ http://localhost:3000/_next/static/chunks/0yn-_next_dist_03lxogq._.js:3272
[  631086ms] [ERROR] Failed to load resource: the server responded with a status of 500 (Internal Server Error) @ http://localhost:3000/contact?_rsc=1lqms:0
[  631090ms] [LOG] [Fast Refresh] rebuilding @ http://localhost:3000/_next/static/chunks/0yn-_next_dist_03lxogq._.js:2431
[  631113ms] [ERROR] Failed to load resource: the server responded with a status of 500 (Internal Server Error) @ http://localhost:3000/contact?_rsc=1lqms:0
[  631144ms] [ERROR] Failed to load resource: the server responded with a status of 500 (Internal Server Error) @ http://localhost:3000/contact?_rsc=1lqms:0
[  631158ms] [ERROR] Failed to load resource: the server responded with a status of 500 (Internal Server Error) @ http://localhost:3000/contact:0
[  631233ms] [INFO] %cDownload the React DevTools for a better development experience: https://react.dev/link/react-devtools font-weight:bold @ http://localhost:3000/_next/static/chunks/0yn-_react-dom_0yvfkk2._.js:15305
[  631258ms] Error: ./Projects/bhatti-eye-clinic/src/app/contact/page.tsx:1:1
Export Facebook doesn't exist in target module
> 1 | import { Phone, MessageCircle, MapPin, Clock, Video, Facebook } from "lucide-react";
    | ^^^^^^^^^^^^^^^^^^^^^^^^^^^^^^^^^^^^^^^^^^^^^^^^^^^^^^^^^^^^^^^^^^^^^^^^^^^^^^^^^^^^
  2 |
  3 | const N = "#0f2447", G = "#c9a84c";
  4 | const NAVY_WARM = "linear-gradient(160deg, #0f2447 0%, #142f5a 50%, #0f2447 100%)";

The export Facebook was not found in module [project]/Projects/bhatti-eye-clinic/node_modules/lucide-react/dist/esm/lucide-react.mjs [app-rsc] (ecmascript).
Did you mean to import Webhook?
All exports of the module are statically known (It doesn't have dynamic exports). So it's known statically that the requested export doesn't exist.


    at <unknown> (Error: ./Projects/bhatti-eye-clinic/src/app/contact/page.tsx:1:1)
    at Object.getCompilationErrors (file:///Users/ashwin/Projects/bhatti-eye-clinic/node_modules/next/dist/server/dev/hot-reloader-turbopack.js:1186:59)
    at DevBundlerService.getCompilationError (file:///Users/ashwin/Projects/bhatti-eye-clinic/node_modules/next/dist/server/lib/dev-bundler-service.js:44:55)
    at DevServer.getCompilationError (file:///Users/ashwin/Projects/bhatti-eye-clinic/node_modules/next/dist/server/dev/next-dev-server.js:719:42)
    at DevServer.findPageComponents (file:///Users/ashwin/Projects/bhatti-eye-clinic/node_modules/next/dist/server/dev/next-dev-server.js:689:43)
    at async DevServer.renderErrorToResponseImpl (file:///Users/ashwin/Projects/bhatti-eye-clinic/node_modules/next/dist/server/base-server.js:1745:26)
[  631258ms] [LOG] [HMR] connected @ http://localhost:3000/_next/static/chunks/0yn-_next_dist_12jw6v7._.js:1226
[  631259ms] [ERROR] ./Projects/bhatti-eye-clinic/src/app/contact/page.tsx:1:1
Export Facebook doesn't exist in target module
> 1 | import { Phone, MessageCircle, MapPin, Clock, Video, Facebook } from "lucide-react";
    | ^^^^^^^^^^^^^^^^^^^^^^^^^^^^^^^^^^^^^^^^^^^^^^^^^^^^^^^^^^^^^^^^^^^^^^^^^^^^^^^^^^^^
  2 |
  3 | const N = "#0f2447", G = "#c9a84c";
  4 | const NAVY_WARM = "linear-gradient(160deg, #0f2447 0%, #142f5a 50%, #0f2447 100%)";

The export Facebook was not found in module [project]/Projects/bhatti-eye-clinic/node_modules/lucide-react/dist/esm/lucide-react.mjs [app-rsc] (ecmascript).
Did you mean to import Webhook?
All exports of the module are statically known (It doesn't have dynamic exports). So it's known statically that the requested export doesn't exist. @ http://localhost:3000/_next/static/chunks/0yn-_next_dist_12jw6v7._.js:1945
[  631293ms] [ERROR] ./Projects/bhatti-eye-clinic/src/app/contact/page.tsx:1:1
Export Facebook doesn't exist in target module
> 1 | import { Phone, MessageCircle, MapPin, Clock, Video, Facebook } from "lucide-react";
    | ^^^^^^^^^^^^^^^^^^^^^^^^^^^^^^^^^^^^^^^^^^^^^^^^^^^^^^^^^^^^^^^^^^^^^^^^^^^^^^^^^^^^
  2 |
  3 | const N = "#0f2447", G = "#c9a84c";
  4 | const NAVY_WARM = "linear-gradient(160deg, #0f2447 0%, #142f5a 50%, #0f2447 100%)";

The export Facebook was not found in module [project]/Projects/bhatti-eye-clinic/node_modules/lucide-react/dist/esm/lucide-react.mjs [app-rsc] (ecmascript).
Did you mean to import Webhook?
All exports of the module are statically known (It doesn't have dynamic exports). So it's known statically that the requested export doesn't exist. @ http://localhost:3000/_next/static/chunks/0yn-_next_dist_12jw6v7._.js:1945
[  631360ms] [LOG] [Fast Refresh] rebuilding @ http://localhost:3000/_next/static/chunks/0yn-_next_dist_12jw6v7._.js:1226
[  631635ms] [ERROR] ./Projects/bhatti-eye-clinic/src/app/contact/page.tsx:1:1
Export Facebook doesn't exist in target module
> 1 | import { Phone, MessageCircle, MapPin, Clock, Video, Facebook } from "lucide-react";
    | ^^^^^^^^^^^^^^^^^^^^^^^^^^^^^^^^^^^^^^^^^^^^^^^^^^^^^^^^^^^^^^^^^^^^^^^^^^^^^^^^^^^^
  2 |
  3 | const N = "#0f2447", G = "#c9a84c";
  4 | const NAVY_WARM = "linear-gradient(160deg, #0f2447 0%, #142f5a 50%, #0f2447 100%)";

The export Facebook was not found in module [project]/Projects/bhatti-eye-clinic/node_modules/lucide-react/dist/esm/lucide-react.mjs [app-rsc] (ecmascript).
Did you mean to import Webhook?
All exports of the module are statically known (It doesn't have dynamic exports). So it's known statically that the requested export doesn't exist. @ http://localhost:3000/_next/static/chunks/0yn-_next_dist_12jw6v7._.js:1945
[  631706ms] [LOG] [Fast Refresh] rebuilding @ http://localhost:3000/_next/static/chunks/0yn-_next_dist_12jw6v7._.js:1226
[  632787ms] [ERROR] ./Projects/bhatti-eye-clinic/src/app/contact/page.tsx:1:1
Export Facebook doesn't exist in target module
> 1 | import { Phone, MessageCircle, MapPin, Clock, Video, Facebook } from "lucide-react";
    | ^^^^^^^^^^^^^^^^^^^^^^^^^^^^^^^^^^^^^^^^^^^^^^^^^^^^^^^^^^^^^^^^^^^^^^^^^^^^^^^^^^^^
  2 |
  3 | const N = "#0f2447", G = "#c9a84c";
  4 | const NAVY_WARM = "linear-gradient(160deg, #0f2447 0%, #142f5a 50%, #0f2447 100%)";

The export Facebook was not found in module [project]/Projects/bhatti-eye-clinic/node_modules/lucide-react/dist/esm/lucide-react.mjs [app-rsc] (ecmascript).
Did you mean to import Webhook?
All exports of the module are statically known (It doesn't have dynamic exports). So it's known statically that the requested export doesn't exist. @ http://localhost:3000/_next/static/chunks/0yn-_next_dist_12jw6v7._.js:1945
[  632846ms] [LOG] [Fast Refresh] rebuilding @ http://localhost:3000/_next/static/chunks/0yn-_next_dist_12jw6v7._.js:1226
