[      35ms] [ERROR] Failed to load resource: the server responded with a status of 500 (Internal Server Error) @ http://localhost:3000/gallery:0
[      47ms] [INFO] %cDownload the React DevTools for a better development experience: https://react.dev/link/react-devtools font-weight:bold @ http://localhost:3000/_next/static/chunks/0yn-_react-dom_0yvfkk2._.js:15305
[      54ms] Error: ./Projects/bhatti-eye-clinic/src/app/contact/page.tsx:1:1
Export Facebook doesn't exist in target module
> 1 | import { Phone, MessageCircle, MapPin, Clock, Video, Facebook } from "lucide-react";
    | ^^^^^^^^^^^^^^^^^^^^^^^^^^^^^^^^^^^^^^^^^^^^^^^^^^^^^^^^^^^^^^^^^^^^^^^^^^^^^^^^^^^^
  2 |
  3 | const N = "#0f2447", G = "#c9a84c";
  4 | const NAVY_WARM = "linear-gradient(160deg, #0f2447 0%, #142f5a 50%, #0f2447 100%)";

The export Facebook was not found in module [project]/Projects/bhatti-eye-clinic/node_modules/lucide-react/dist/esm/lucide-react.mjs [app-rsc] (ecmascript).
Did you mean to import Webhook?
All exports of the module are statically known (It doesn't have dynamic exports). So it's known statically that the requested export doesn't exist.


    at <unknown> (Error: ./Projects/bhatti-eye-clinic/src/app/contact/page.tsx:1:1)
    at Object.getCompilationErrors (file:///Users/ashwin/Projects/bhatti-eye-clinic/node_modules/next/dist/server/dev/hot-reloader-turbopack.js:1186:59)
    at DevBundlerService.getCompilationError (file:///Users/ashwin/Projects/bhatti-eye-clinic/node_modules/next/dist/server/lib/dev-bundler-service.js:44:55)
    at DevServer.getCompilationError (file:///Users/ashwin/Projects/bhatti-eye-clinic/node_modules/next/dist/server/dev/next-dev-server.js:719:42)
    at DevServer.findPageComponents (file:///Users/ashwin/Projects/bhatti-eye-clinic/node_modules/next/dist/server/dev/next-dev-server.js:689:43)
    at async DevServer.renderErrorToResponseImpl (file:///Users/ashwin/Projects/bhatti-eye-clinic/node_modules/next/dist/server/base-server.js:1745:26)
[      52ms] [LOG] [HMR] connected @ http://localhost:3000/_next/static/chunks/0yn-_next_dist_12jw6v7._.js:1226
[      53ms] [ERROR] ./Projects/bhatti-eye-clinic/src/app/contact/page.tsx:1:1
Export Facebook doesn't exist in target module
> 1 | import { Phone, MessageCircle, MapPin, Clock, Video, Facebook } from "lucide-react";
    | ^^^^^^^^^^^^^^^^^^^^^^^^^^^^^^^^^^^^^^^^^^^^^^^^^^^^^^^^^^^^^^^^^^^^^^^^^^^^^^^^^^^^
  2 |
  3 | const N = "#0f2447", G = "#c9a84c";
  4 | const NAVY_WARM = "linear-gradient(160deg, #0f2447 0%, #142f5a 50%, #0f2447 100%)";

The export Facebook was not found in module [project]/Projects/bhatti-eye-clinic/node_modules/lucide-react/dist/esm/lucide-react.mjs [app-rsc] (ecmascript).
Did you mean to import Webhook?
All exports of the module are statically known (It doesn't have dynamic exports). So it's known statically that the requested export doesn't exist. @ http://localhost:3000/_next/static/chunks/0yn-_next_dist_12jw6v7._.js:1945
[      87ms] [ERROR] ./Projects/bhatti-eye-clinic/src/app/contact/page.tsx:1:1
Export Facebook doesn't exist in target module
> 1 | import { Phone, MessageCircle, MapPin, Clock, Video, Facebook } from "lucide-react";
    | ^^^^^^^^^^^^^^^^^^^^^^^^^^^^^^^^^^^^^^^^^^^^^^^^^^^^^^^^^^^^^^^^^^^^^^^^^^^^^^^^^^^^
  2 |
  3 | const N = "#0f2447", G = "#c9a84c";
  4 | const NAVY_WARM = "linear-gradient(160deg, #0f2447 0%, #142f5a 50%, #0f2447 100%)";

The export Facebook was not found in module [project]/Projects/bhatti-eye-clinic/node_modules/lucide-react/dist/esm/lucide-react.mjs [app-rsc] (ecmascript).
Did you mean to import Webhook?
All exports of the module are statically known (It doesn't have dynamic exports). So it's known statically that the requested export doesn't exist. @ http://localhost:3000/_next/static/chunks/0yn-_next_dist_12jw6v7._.js:1945
[   18022ms] [LOG] [Fast Refresh] rebuilding @ http://localhost:3000/_next/static/chunks/0yn-_next_dist_12jw6v7._.js:1226
[   18098ms] [LOG] [Fast Refresh] done in 52ms @ http://localhost:3000/_next/static/chunks/0yn-_next_dist_12jw6v7._.js:1226
[   18264ms] [INFO] %cDownload the React DevTools for a better development experience: https://react.dev/link/react-devtools font-weight:bold @ http://localhost:3000/_next/static/chunks/0yn-_next_dist_03lxogq._.js:2431
[   18281ms] [LOG] [HMR] connected @ http://localhost:3000/_next/static/chunks/0yn-_next_dist_03lxogq._.js:2431
[   18509ms] [WARNING] Image with src "/gallery/Acute conjunctivitis.jpg" was detected as the Largest Contentful Paint (LCP). Please add the `loading="eager"` property if this image is above the fold.
Read more: https://nextjs.org/docs/app/api-reference/components/image#loading @ http://localhost:3000/_next/static/chunks/0yn-_next_dist_03lxogq._.js:2431
[   23601ms] [LOG] [Fast Refresh] rebuilding @ http://localhost:3000/_next/static/chunks/0yn-_next_dist_03lxogq._.js:2431
[   23652ms] [LOG] [Fast Refresh] done in 9ms @ http://localhost:3000/_next/static/chunks/0yn-_next_dist_03lxogq._.js:2431
